#
# There is insufficient memory for the Java Runtime Environment to continue.
# Native memory allocation (mmap) failed to map 257949696 bytes for G1 virtual space
# Possible reasons:
#   The system is out of physical RAM or swap space
#   The process is running with CompressedOops enabled, and the Java Heap may be blocking the growth of the native heap
# Possible solutions:
#   Reduce memory load on the system
#   Increase physical memory or swap space
#   Check if swap backing store is full
#   Decrease Java heap size (-Xmx/-Xms)
#   Decrease number of Java threads
#   Decrease Java thread stack sizes (-Xss)
#   Set larger code cache with -XX:ReservedCodeCacheSize=
#   JVM is running with Zero Based Compressed Oops mode in which the Java heap is
#     placed in the first 32GB address space. The Java Heap base address is the
#     maximum limit for the native heap growth. Please use -XX:HeapBaseMinAddress
#     to set the Java Heap base and to place the Java Heap above 32GB virtual address.
# This output file may be truncated or incomplete.
#
#  Out of Memory Error (os_windows.cpp:3548), pid=32932, tid=28128
#
# JRE version:  (17.0.12+8) (build )
# Java VM: Java HotSpot(TM) 64-Bit Server VM (17.0.12+8-LTS-286, mixed mode, emulated-client, sharing, tiered, compressed oops, compressed class ptrs, g1 gc, windows-amd64)
# No core dump will be written. Minidumps are not enabled by default on client versions of Windows
#

---------------  S U M M A R Y ------------

Command Line: -XX:TieredStopAtLevel=1 -Dspring.output.ansi.enabled=always -Dcom.sun.management.jmxremote -Dspring.jmx.enabled=true -Dspring.liveBeansView.mbeanDomain -Dspring.application.admin.enabled=true -Dmanagement.endpoints.jmx.exposure.include=* -javaagent:C:\Users\mtman\AppData\Local\Programs\IntelliJ IDEA Ultimate\lib\idea_rt.jar=59221 -Dfile.encoding=UTF-8 com.mtmanh.EurekaServerApplication

Host: AMD Ryzen 7 5800H with Radeon Graphics         , 16 cores, 15G,  Windows 11 , 64 bit Build 26100 (10.0.26100.3775)
Time: Wed Apr 16 15:29:05 2025 SE Asia Standard Time elapsed time: 1.058457 seconds (0d 0h 0m 1s)

---------------  T H R E A D  ---------------

Current thread (0x0000018704993080):  JavaThread "Unknown thread" [_thread_in_vm, id=28128, stack(0x0000003a11f00000,0x0000003a12000000)]

Stack: [0x0000003a11f00000,0x0000003a12000000]
Native frames: (J=compiled Java code, j=interpreted, Vv=VM code, C=native code)
V  [jvm.dll+0x67a04a]
V  [jvm.dll+0x7da4ed]
V  [jvm.dll+0x7dbe33]
V  [jvm.dll+0x7dc4a3]
V  [jvm.dll+0x24508f]
V  [jvm.dll+0x677089]
V  [jvm.dll+0x66bd32]
V  [jvm.dll+0x301fa6]
V  [jvm.dll+0x309546]
V  [jvm.dll+0x359d2e]
V  [jvm.dll+0x359f5f]
V  [jvm.dll+0x2d9078]
V  [jvm.dll+0x2d9fe4]
V  [jvm.dll+0x7aca21]
V  [jvm.dll+0x367591]
V  [jvm.dll+0x78b999]
V  [jvm.dll+0x3ec83f]
V  [jvm.dll+0x3ee471]
C  [jli.dll+0x5297]
C  [ucrtbase.dll+0x37b0]
C  [KERNEL32.DLL+0x2e8d7]
C  [ntdll.dll+0xb14fc]


---------------  P R O C E S S  ---------------

Threads class SMR info:
_java_thread_list=0x00007ffba53c7a18, length=0, elements={
}

Java Threads: ( => current thread )

Other Threads:
  0x00000187049fefb0 GCTaskThread "GC Thread#0" [stack: 0x0000003a12000000,0x0000003a12100000] [id=42776]
  0x0000018704a0f660 ConcurrentGCThread "G1 Main Marker" [stack: 0x0000003a12100000,0x0000003a12200000] [id=30032]
  0x0000018704a12230 ConcurrentGCThread "G1 Conc#0" [stack: 0x0000003a12200000,0x0000003a12300000] [id=31564]

[error occurred during error reporting (printing all threads), id 0xc0000005, EXCEPTION_ACCESS_VIOLATION (0xc0000005) at pc=0x00007ffba4bf9b67]

VM state: not at safepoint (not fully initialized)

VM Mutex/Monitor currently owned by a thread:  ([mutex/lock_event])
[0x00000187049907e0] Heap_lock - owner thread: 0x0000018704993080

Heap address: 0x000000070a000000, size: 3936 MB, Compressed Oops mode: Zero based, Oop shift amount: 3

CDS archive(s) mapped at: [0x0000000000000000-0x0000000000000000-0x0000000000000000), size 0, SharedBaseAddress: 0x0000000800000000, ArchiveRelocationMode: 1.
Narrow klass base: 0x0000000000000000, Narrow klass shift: 0, Narrow klass range: 0x0

GC Precious Log:
<Empty>

Heap:
 garbage-first heap   total 0K, used 0K [0x000000070a000000, 0x0000000800000000)
  region size 2048K, 0 young (0K), 0 survivors (0K)

[error occurred during error reporting (printing heap information), id 0xc0000005, EXCEPTION_ACCESS_VIOLATION (0xc0000005) at pc=0x00007ffba4fe3859]

GC Heap History (0 events):
No events

Deoptimization events (0 events):
No events

Classes unloaded (0 events):
No events

Classes redefined (0 events):
No events

Internal exceptions (0 events):
No events

VM Operations (0 events):
No events

Events (1 events):
Event: 0.012 Loaded shared library C:\Program Files\Java\jdk-17\bin\java.dll


Dynamic libraries:
0x00007ff79d5a0000 - 0x00007ff79d5b0000 	C:\Program Files\Java\jdk-17\bin\java.exe
0x00007ffc43ee0000 - 0x00007ffc44140000 	C:\WINDOWS\SYSTEM32\ntdll.dll
0x00007ffc42c30000 - 0x00007ffc42cf7000 	C:\WINDOWS\System32\KERNEL32.DLL
0x00007ffc41380000 - 0x00007ffc4174a000 	C:\WINDOWS\System32\KERNELBASE.dll
0x00007ffc410c0000 - 0x00007ffc4120b000 	C:\WINDOWS\System32\ucrtbase.dll
0x00007ffc27c40000 - 0x00007ffc27c59000 	C:\Program Files\Java\jdk-17\bin\jli.dll
0x00007ffc27c60000 - 0x00007ffc27c7b000 	C:\Program Files\Java\jdk-17\bin\VCRUNTIME140.dll
0x00007ffc422a0000 - 0x00007ffc42352000 	C:\WINDOWS\System32\ADVAPI32.dll
0x00007ffc423d0000 - 0x00007ffc42479000 	C:\WINDOWS\System32\msvcrt.dll
0x00007ffc43bf0000 - 0x00007ffc43c96000 	C:\WINDOWS\System32\sechost.dll
0x00007ffc42f90000 - 0x00007ffc430a6000 	C:\WINDOWS\System32\RPCRT4.dll
0x00007ffc42d80000 - 0x00007ffc42f4c000 	C:\WINDOWS\System32\USER32.dll
0x00007ffc302b0000 - 0x00007ffc30547000 	C:\WINDOWS\WinSxS\amd64_microsoft.windows.common-controls_6595b64144ccf1df_6.0.26100.3624_none_3e086962e3345f24\COMCTL32.dll
0x00007ffc41ae0000 - 0x00007ffc41b07000 	C:\WINDOWS\System32\win32u.dll
0x00007ffc42f50000 - 0x00007ffc42f7a000 	C:\WINDOWS\System32\GDI32.dll
0x00007ffc41b10000 - 0x00007ffc41c41000 	C:\WINDOWS\System32\gdi32full.dll
0x00007ffc41750000 - 0x00007ffc417f3000 	C:\WINDOWS\System32\msvcp_win.dll
0x00007ffc38ca0000 - 0x00007ffc38cab000 	C:\WINDOWS\SYSTEM32\VERSION.dll
0x00007ffc42bf0000 - 0x00007ffc42c1f000 	C:\WINDOWS\System32\IMM32.DLL
0x00007ffc27da0000 - 0x00007ffc27dac000 	C:\Program Files\Java\jdk-17\bin\vcruntime140_1.dll
0x00007ffc27bb0000 - 0x00007ffc27c3e000 	C:\Program Files\Java\jdk-17\bin\msvcp140.dll
0x00007ffba4910000 - 0x00007ffba54f0000 	C:\Program Files\Java\jdk-17\bin\server\jvm.dll
0x00007ffc432f0000 - 0x00007ffc432f8000 	C:\WINDOWS\System32\PSAPI.DLL
0x00007ffc38570000 - 0x00007ffc385a6000 	C:\WINDOWS\SYSTEM32\WINMM.dll
0x00007ffc30c40000 - 0x00007ffc30c4a000 	C:\WINDOWS\SYSTEM32\WSOCK32.dll
0x00007ffc42750000 - 0x00007ffc427c4000 	C:\WINDOWS\System32\ws2_32.DLL
0x00007ffc3ffb0000 - 0x00007ffc3ffca000 	C:\WINDOWS\SYSTEM32\kernel.appcore.dll
0x00007ffc23e90000 - 0x00007ffc23e9a000 	C:\Program Files\Java\jdk-17\bin\jimage.dll
0x00007ffc3e8f0000 - 0x00007ffc3eb31000 	C:\WINDOWS\SYSTEM32\DBGHELP.DLL
0x00007ffc42830000 - 0x00007ffc42bb2000 	C:\WINDOWS\System32\combase.dll
0x00007ffc43210000 - 0x00007ffc432e6000 	C:\WINDOWS\System32\OLEAUT32.dll
0x00007ffc2c740000 - 0x00007ffc2c779000 	C:\WINDOWS\SYSTEM32\dbgcore.DLL
0x00007ffc41800000 - 0x00007ffc41899000 	C:\WINDOWS\System32\bcryptPrimitives.dll
0x00007ffc3bef0000 - 0x00007ffc3befe000 	C:\Program Files\Java\jdk-17\bin\instrument.dll
0x00007ffc229a0000 - 0x00007ffc229c5000 	C:\Program Files\Java\jdk-17\bin\java.dll

dbghelp: loaded successfully - version: 4.0.5 - missing functions: none
symbol engine: initialized successfully - sym options: 0x614 - pdb path: .;C:\Program Files\Java\jdk-17\bin;C:\WINDOWS\SYSTEM32;C:\WINDOWS\WinSxS\amd64_microsoft.windows.common-controls_6595b64144ccf1df_6.0.26100.3624_none_3e086962e3345f24;C:\Program Files\Java\jdk-17\bin\server

VM Arguments:
jvm_args: -XX:TieredStopAtLevel=1 -Dspring.output.ansi.enabled=always -Dcom.sun.management.jmxremote -Dspring.jmx.enabled=true -Dspring.liveBeansView.mbeanDomain -Dspring.application.admin.enabled=true -Dmanagement.endpoints.jmx.exposure.include=* -javaagent:C:\Users\mtman\AppData\Local\Programs\IntelliJ IDEA Ultimate\lib\idea_rt.jar=59221 -Dfile.encoding=UTF-8 
java_command: com.mtmanh.EurekaServerApplication
java_class_path (initial): D:\InstaSora\eureka-server\target\classes;C:\Users\mtman\.m2\repository\org\springframework\cloud\spring-cloud-starter-netflix-eureka-server\4.1.5\spring-cloud-starter-netflix-eureka-server-4.1.5.jar;C:\Users\mtman\.m2\repository\org\springframework\cloud\spring-cloud-starter\4.1.5\spring-cloud-starter-4.1.5.jar;C:\Users\mtman\.m2\repository\org\springframework\cloud\spring-cloud-context\4.1.5\spring-cloud-context-4.1.5.jar;C:\Users\mtman\.m2\repository\org\springframework\security\spring-security-crypto\6.4.4\spring-security-crypto-6.4.4.jar;C:\Users\mtman\.m2\repository\org\springframework\cloud\spring-cloud-commons\4.1.5\spring-cloud-commons-4.1.5.jar;C:\Users\mtman\.m2\repository\org\springframework\security\spring-security-rsa\1.1.3\spring-security-rsa-1.1.3.jar;C:\Users\mtman\.m2\repository\org\bouncycastle\bcprov-jdk18on\1.78\bcprov-jdk18on-1.78.jar;C:\Users\mtman\.m2\repository\org\springframework\cloud\spring-cloud-netflix-eureka-server\4.1.5\spring-cloud-netflix-eureka-server-4.1.5.jar;C:\Users\mtman\.m2\repository\org\springframework\boot\spring-boot-starter-web\3.4.4\spring-boot-starter-web-3.4.4.jar;C:\Users\mtman\.m2\repository\org\springframework\boot\spring-boot-starter-json\3.4.4\spring-boot-starter-json-3.4.4.jar;C:\Users\mtman\.m2\repository\com\fasterxml\jackson\datatype\jackson-datatype-jdk8\2.18.3\jackson-datatype-jdk8-2.18.3.jar;C:\Users\mtman\.m2\repository\com\fasterxml\jackson\datatype\jackson-datatype-jsr310\2.18.3\jackson-datatype-jsr310-2.18.3.jar;C:\Users\mtman\.m2\repository\com\fasterxml\jackson\module\jackson-module-parameter-names\2.18.3\jackson-module-parameter-names-2.18.3.jar;C:\Users\mtman\.m2\repository\org\springframework\boot\spring-boot-starter-tomcat\3.4.4\spring-boot-starter-tomcat-3.4.4.jar;C:\Users\mtman\.m2\repository\org\apache\tomcat\embed\tomcat-embed-core\10.1.39\tomcat-embed-core-10.1.39.jar;C:\Users\mtman\.m2\repository\org\apache\tomcat\embed\tomcat-embed-el\10.1.39\tomcat-embed-el-10
Launcher Type: SUN_STANDARD

[Global flags]
     intx CICompilerCount                          = 12                                        {product} {ergonomic}
     uint ConcGCThreads                            = 3                                         {product} {ergonomic}
     uint G1ConcRefinementThreads                  = 13                                        {product} {ergonomic}
   size_t G1HeapRegionSize                         = 2097152                                   {product} {ergonomic}
    uintx GCDrainStackTargetSize                   = 64                                        {product} {ergonomic}
   size_t InitialHeapSize                          = 257949696                                 {product} {ergonomic}
     bool ManagementServer                         = true                                      {product} {command line}
   size_t MarkStackSize                            = 4194304                                   {product} {ergonomic}
   size_t MaxHeapSize                              = 4127195136                                {product} {ergonomic}
   size_t MinHeapDeltaBytes                        = 2097152                                   {product} {ergonomic}
   size_t MinHeapSize                              = 8388608                                   {product} {ergonomic}
    uintx NonProfiledCodeHeapSize                  = 0                                      {pd product} {ergonomic}
     bool ProfileInterpreter                       = false                                  {pd product} {command line}
    uintx ProfiledCodeHeapSize                     = 0                                      {pd product} {ergonomic}
   size_t SoftMaxHeapSize                          = 4127195136                             {manageable} {ergonomic}
     intx TieredStopAtLevel                        = 1                                         {product} {command line}
     bool UseCompressedClassPointers               = true                           {product lp64_product} {ergonomic}
     bool UseCompressedOops                        = true                           {product lp64_product} {ergonomic}
     bool UseG1GC                                  = true                                      {product} {ergonomic}
     bool UseLargePagesIndividualAllocation        = false                                  {pd product} {ergonomic}

Logging:
Log output configuration:
 #0: stdout all=warning uptime,level,tags
 #1: stderr all=off uptime,level,tags

Environment Variables:
PATH=C:\Program Files\Common Files\Oracle\Java\javapath;C:\WINDOWS\system32;C:\WINDOWS;C:\WINDOWS\System32\Wbem;C:\WINDOWS\System32\WindowsPowerShell\v1.0\;C:\WINDOWS\System32\OpenSSH\;C:\Program Files\Git\cmd;C:\Program Files (x86)\nodejs\;D:\Application\apache-maven-3.9.9-bin\apache-maven-3.9.9\bin;C:\Program Files\Docker\Docker\resources\bin;C:\Program Files\MySQL\MySQL Server 8.0\bin;;c:\Users\mtman\AppData\Local\Programs\cursor\resources\app\bin;C:\Users\mtman\AppData\Local\Programs\Python\Python312\Scripts\;C:\Users\mtman\AppData\Local\Programs\Python\Python312\;C:\Users\mtman\AppData\Local\Programs\Python\Launcher\;C:\Program Files\MySQL\MySQL Shell 8.0\bin\;C:\Users\mtman\AppData\Local\Microsoft\WindowsApps;C:\Users\mtman\AppData\Local\JetBrains\Toolbox\scripts;C:\Users\mtman\AppData\Local\GitHubDesktop\bin;C:\Users\mtman\AppData\Local\Programs\Microsoft VS Code\bin;C:\Users\mtman\AppData\Roaming\npm;C:\Users\mtman\AppData\Local\Microsoft\WindowsApps;C:\Users\mtman\AppData\Local\Programs\cursor\resources\app\bin
USERNAME=mtman
OS=Windows_NT
PROCESSOR_IDENTIFIER=AMD64 Family 25 Model 80 Stepping 0, AuthenticAMD



---------------  S Y S T E M  ---------------

OS:
 Windows 11 , 64 bit Build 26100 (10.0.26100.3775)
OS uptime: 2 days 14:58 hours
Hyper-V role detected

CPU: total 16 (initial active 16) (16 cores per cpu, 2 threads per core) family 25 model 80 stepping 0 microcode 0xa50000b, cx8, cmov, fxsr, ht, mmx, 3dnowpref, sse, sse2, sse3, ssse3, sse4a, sse4.1, sse4.2, popcnt, lzcnt, tsc, tscinvbit, avx, avx2, aes, erms, clmul, bmi1, bmi2, adx, sha, fma, vzeroupper, clflush, clflushopt, hv

Memory: 4k page, system-wide physical 15740M (617M free)
TotalPageFile size 41340M (AvailPageFile size 37M)
current process WorkingSet (physical memory assigned to process): 12M, peak: 12M
current process commit charge ("private bytes"): 66M, peak: 311M

vm_info: Java HotSpot(TM) 64-Bit Server VM (17.0.12+8-LTS-286) for windows-amd64 JRE (17.0.12+8-LTS-286), built on Jun  5 2024 06:46:59 by "mach5one" with MS VC++ 17.6 (VS2022)

END.
